Beanikaa/app/build/intermediates/manifest_merge_blame_file/debug/manifest-merger-blame-debug-report.txt
1<?xml version="1.0" encoding="utf-8"?>
2<manifest xmlns:android="http://schemas.android.com/apk/res/android"
3    package="com.example.beanikaa"
4    android:versionCode="1"
5    android:versionName="1.0" >
6
7    <uses-sdk
8        android:minSdkVersion="16"
8-->src\main\AndroidManifest.xml
9        android:targetSdkVersion="32" />
9-->src\main\AndroidManifest.xml
10
11    <uses-permission android:name="android.permission.INTERNET" />
11-->src\main\AndroidManifest.xml:5:5-67
11-->src\main\AndroidManifest.xml:5:22-64
12
13    <application
13-->src\main\AndroidManifest.xml:7:5-61:19
14        android:allowBackup="true"
14-->src\main\AndroidManifest.xml:8:9-35
15        android:appComponentFactory="androidx.core.app.CoreComponentFactory"
15-->[androidx.core:core:1.7.0] AndroidManifest.xml:24:18-86
16        android:debuggable="true"
17        android:fitsSystemWindows="true"
17-->src\main\AndroidManifest.xml:9:9-41
18        android:icon="@mipmap/appicon"
18-->src\main\AndroidManifest.xml:10:9-39
19        android:label="@string/app_name"
19-->src\main\AndroidManifest.xml:11:9-41
20        android:roundIcon="@mipmap/ic_launcher_round"
20-->src\main\AndroidManifest.xml:12:9-54
21        android:supportsRtl="true"
21-->src\main\AndroidManifest.xml:13:9-35
22        android:testOnly="true"
23        android:theme="@style/AppNoTitle"
23-->src\main\AndroidManifest.xml:14:9-42
24        android:usesCleartextTraffic="true" >
24-->src\main\AndroidManifest.xml:15:9-44
25        <activity
25-->src\main\AndroidManifest.xml:16:9-18:40
26            android:name="com.example.beanikaa.SignUp"
26-->src\main\AndroidManifest.xml:17:13-35
27            android:exported="false" />
27-->src\main\AndroidManifest.xml:18:13-37
28        <activity
28-->src\main\AndroidManifest.xml:19:9-21:40
29            android:name="com.example.beanikaa.googleAccount_profile"
29-->src\main\AndroidManifest.xml:20:13-50
30            android:exported="false" />
30-->src\main\AndroidManifest.xml:21:13-37
31        <activity
31-->src\main\AndroidManifest.xml:22:9-24:40
32            android:name="com.example.beanikaa.google_login"
32-->src\main\AndroidManifest.xml:23:13-41
33            android:exported="false" />
33-->src\main\AndroidManifest.xml:24:13-37
34        <activity
34-->src\main\AndroidManifest.xml:25:9-27:40
35            android:name="com.example.beanikaa.facebook_login"
35-->src\main\AndroidManifest.xml:26:13-43
36            android:exported="false" />
36-->src\main\AndroidManifest.xml:27:13-37
37        <activity
37-->src\main\AndroidManifest.xml:28:9-30:39
38            android:name="com.example.beanikaa.LoginScreen"
38-->src\main\AndroidManifest.xml:29:13-40
39            android:exported="true" />
39-->src\main\AndroidManifest.xml:30:13-36
40        <activity
40-->src\main\AndroidManifest.xml:31:9-39:20
41            android:name="com.example.beanikaa.MainActivity"
41-->src\main\AndroidManifest.xml:32:13-41
42            android:exported="true" >
42-->src\main\AndroidManifest.xml:33:13-36
43            <intent-filter>
43-->src\main\AndroidManifest.xml:34:13-38:29
44                <action android:name="android.intent.action.MAIN" />
44-->src\main\AndroidManifest.xml:35:17-69
44-->src\main\AndroidManifest.xml:35:25-66
45
46                <category android:name="android.intent.category.LAUNCHER" />
46-->src\main\AndroidManifest.xml:37:17-77
46-->src\main\AndroidManifest.xml:37:27-74
47            </intent-filter>
48        </activity>
49
50        <meta-data
50-->src\main\AndroidManifest.xml:41:9-43:55
51            android:name="com.facebook.sdk.ApplicationId"
51-->src\main\AndroidManifest.xml:42:13-58
52            android:value="@string/facebook_app_id" />
52-->src\main\AndroidManifest.xml:43:13-52
53
54        <activity
54-->src\main\AndroidManifest.xml:45:9-48:48
55            android:name="com.facebook.FacebookActivity"
55-->src\main\AndroidManifest.xml:46:13-57
56            android:configChanges="keyboard|keyboardHidden|screenLayout|screenSize|orientation"
56-->src\main\AndroidManifest.xml:47:13-96
57            android:label="@string/app_name"
57-->src\main\AndroidManifest.xml:48:13-45
58            android:theme="@style/com_facebook_activity_theme" />
58-->[com.facebook.android:facebook-common:4.42.0] AndroidManifest.xml:32:13-63
59        <activity
59-->src\main\AndroidManifest.xml:49:9-60:20
60            android:name="com.facebook.CustomTabActivity"
60-->src\main\AndroidManifest.xml:50:13-58
61            android:exported="true" >
61-->src\main\AndroidManifest.xml:51:13-36
62            <intent-filter>
62-->src\main\AndroidManifest.xml:52:13-59:29
63                <action android:name="android.intent.action.VIEW" />
63-->src\main\AndroidManifest.xml:53:17-69
63-->src\main\AndroidManifest.xml:53:25-66
64
65                <category android:name="android.intent.category.DEFAULT" />
65-->src\main\AndroidManifest.xml:55:17-76
65-->src\main\AndroidManifest.xml:55:27-73
66                <category android:name="android.intent.category.BROWSABLE" />
66-->src\main\AndroidManifest.xml:56:17-78
66-->src\main\AndroidManifest.xml:56:27-75
67
68                <data android:scheme="@string/fb_login_protocol_scheme" />
68-->src\main\AndroidManifest.xml:58:17-75
68-->src\main\AndroidManifest.xml:58:23-72
69            </intent-filter>
70        </activity>
71
72        <provider
72-->[com.squareup.picasso:picasso:2.71828] AndroidManifest.xml:8:9-11:40
73            android:name="com.squareup.picasso.PicassoProvider"
73-->[com.squareup.picasso:picasso:2.71828] AndroidManifest.xml:9:13-64
74            android:authorities="com.example.beanikaa.com.squareup.picasso"
74-->[com.squareup.picasso:picasso:2.71828] AndroidManifest.xml:10:13-72
75            android:exported="false" />
75-->[com.squareup.picasso:picasso:2.71828] AndroidManifest.xml:11:13-37
76
77        <activity android:name="com.facebook.CustomTabMainActivity" />
77-->[com.facebook.android:facebook-common:4.42.0] AndroidManifest.xml:33:9-71
77-->[com.facebook.android:facebook-common:4.42.0] AndroidManifest.xml:33:19-68
78        <!--
79         The initialization ContentProvider will call FacebookSdk.sdkInitialize automatically
80         with the application context. This config is merged in with the host app's manifest,
81         but there can only be one provider with the same authority activated at any given
82         point; so if the end user has two or more different apps that use Facebook SDK, only the
83         first one will be able to use the provider. To work around this problem, we use the
84         following placeholder in the authority to identify each host application as if it was
85         a completely different provider.
86        -->
87        <provider
87-->[com.facebook.android:facebook-core:4.42.0] AndroidManifest.xml:39:9-42:40
88            android:name="com.facebook.internal.FacebookInitProvider"
88-->[com.facebook.android:facebook-core:4.42.0] AndroidManifest.xml:40:13-70
89            android:authorities="com.example.beanikaa.FacebookInitProvider"
89-->[com.facebook.android:facebook-core:4.42.0] AndroidManifest.xml:41:13-72
90            android:exported="false" />
90-->[com.facebook.android:facebook-core:4.42.0] AndroidManifest.xml:42:13-37
91
92        <receiver
92-->[com.facebook.android:facebook-core:4.42.0] AndroidManifest.xml:44:9-50:20
93            android:name="com.facebook.CurrentAccessTokenExpirationBroadcastReceiver"
93-->[com.facebook.android:facebook-core:4.42.0] AndroidManifest.xml:45:13-86
94            android:exported="false" >
94-->[com.facebook.android:facebook-core:4.42.0] AndroidManifest.xml:46:13-37
95            <intent-filter>
95-->[com.facebook.android:facebook-core:4.42.0] AndroidManifest.xml:47:13-49:29
96                <action android:name="com.facebook.sdk.ACTION_CURRENT_ACCESS_TOKEN_CHANGED" />
96-->[com.facebook.android:facebook-core:4.42.0] AndroidManifest.xml:48:17-95
96-->[com.facebook.android:facebook-core:4.42.0] AndroidManifest.xml:48:25-92
97            </intent-filter>
98        </receiver>
99
100        <activity
100-->[com.google.android.gms:play-services-auth:20.1.0] AndroidManifest.xml:23:9-27:75
101            android:name="com.google.android.gms.auth.api.signin.internal.SignInHubActivity"
101-->[com.google.android.gms:play-services-auth:20.1.0] AndroidManifest.xml:24:13-93
102            android:excludeFromRecents="true"
102-->[com.google.android.gms:play-services-auth:20.1.0] AndroidManifest.xml:25:13-46
103            android:exported="false"
103-->[com.google.android.gms:play-services-auth:20.1.0] AndroidManifest.xml:26:13-37
104            android:theme="@android:style/Theme.Translucent.NoTitleBar" />
104-->[com.google.android.gms:play-services-auth:20.1.0] AndroidManifest.xml:27:13-72
105        <!--
106            Service handling Google Sign-In user revocation. For apps that do not integrate with
107            Google Sign-In, this service will never be started.
108        -->
109        <service
109-->[com.google.android.gms:play-services-auth:20.1.0] AndroidManifest.xml:33:9-37:51
110            android:name="com.google.android.gms.auth.api.signin.RevocationBoundService"
110-->[com.google.android.gms:play-services-auth:20.1.0] AndroidManifest.xml:34:13-89
111            android:exported="true"
111-->[com.google.android.gms:play-services-auth:20.1.0] AndroidManifest.xml:35:13-36
112            android:permission="com.google.android.gms.auth.api.signin.permission.REVOCATION_NOTIFICATION"
112-->[com.google.android.gms:play-services-auth:20.1.0] AndroidManifest.xml:36:13-107
113            android:visibleToInstantApps="true" />
113-->[com.google.android.gms:play-services-auth:20.1.0] AndroidManifest.xml:37:13-48
114
115        <activity
115-->[com.google.android.gms:play-services-base:18.0.1] AndroidManifest.xml:20:9-22:45
116            android:name="com.google.android.gms.common.api.GoogleApiActivity"
116-->[com.google.android.gms:play-services-base:18.0.1] AndroidManifest.xml:20:19-85
117            android:exported="false"
117-->[com.google.android.gms:play-services-base:18.0.1] AndroidManifest.xml:22:19-43
118            android:theme="@android:style/Theme.Translucent.NoTitleBar" />
118-->[com.google.android.gms:play-services-base:18.0.1] AndroidManifest.xml:21:19-78
119
120        <meta-data
120-->[com.google.android.gms:play-services-basement:18.0.0] AndroidManifest.xml:21:9-23:69
121            android:name="com.google.android.gms.version"
121-->[com.google.android.gms:play-services-basement:18.0.0] AndroidManifest.xml:22:13-58
122            android:value="@integer/google_play_services_version" />
122-->[com.google.android.gms:play-services-basement:18.0.0] AndroidManifest.xml:23:13-66
123
124        <provider
124-->[androidx.emoji2:emoji2:1.0.0] AndroidManifest.xml:26:9-34:20
125            android:name="androidx.startup.InitializationProvider"
125-->[androidx.emoji2:emoji2:1.0.0] AndroidManifest.xml:27:13-67
126            android:authorities="com.example.beanikaa.androidx-startup"
126-->[androidx.emoji2:emoji2:1.0.0] AndroidManifest.xml:28:13-68
127            android:exported="false" >
127-->[androidx.emoji2:emoji2:1.0.0] AndroidManifest.xml:29:13-37
128            <meta-data
128-->[androidx.emoji2:emoji2:1.0.0] AndroidManifest.xml:31:13-33:52
129                android:name="androidx.emoji2.text.EmojiCompatInitializer"
129-->[androidx.emoji2:emoji2:1.0.0] AndroidManifest.xml:32:17-75
130                android:value="androidx.startup" />
130-->[androidx.emoji2:emoji2:1.0.0] AndroidManifest.xml:33:17-49
131            <meta-data
131-->[androidx.lifecycle:lifecycle-process:2.4.0] AndroidManifest.xml:31:13-33:52
132                android:name="androidx.lifecycle.ProcessLifecycleInitializer"
132-->[androidx.lifecycle:lifecycle-process:2.4.0] AndroidManifest.xml:32:17-78
133                android:value="androidx.startup" />
133-->[androidx.lifecycle:lifecycle-process:2.4.0] AndroidManifest.xml:33:17-49
134        </provider>
135    </application>
136
137</manifest>